<?xml version="1.0" encoding="UTF-8"?>
<!-- Generated by org.testng.reporters.JUnitReportReporter -->
<testsuite hostname="Asads-MacBook-Air.local" failures="0" tests="1" name="TestMethods.logintest" time="8.024" errors="0" timestamp="2023-02-11T13:33:17 CST" skipped="0">
  <testcase classname="TestMethods.logintest" name="login" time="8.024"/>
  <system-out/>
</testsuite> <!-- TestMethods.logintest -->
